Building DAG of jobs...
Job counts:
	count	jobs
	6	CutAdapt
	1	Demultiplex_rev
	1	all
	6	concatenate
	1	demultiplex_fwd
	1	fastQC
	16

[Thu Dec 19 14:38:17 2019]
rule demultiplex_fwd:
    input: s0RawData/barcode, s0RawData/demo_r1.fq.gz, s0RawData/demo_r2.fq.gz
    output: s1Demultiplex/first.1.r1.fastq, s1Demultiplex/first.2.r1.fastq, s1Demultiplex/first.3.r1.fastq, s1Demultiplex/first.4.r1.fastq, s1Demultiplex/first.5.r1.fastq, s1Demultiplex/first.6.r1.fastq, s1Demultiplex/first.1.r2.fastq, s1Demultiplex/first.2.r2.fastq, s1Demultiplex/first.3.r2.fastq, s1Demultiplex/first.4.r2.fastq, s1Demultiplex/first.5.r2.fastq, s1Demultiplex/first.6.r2.fastq, s1Demultiplex/first.unmatched.r1.fastq, s1Demultiplex/first.unmatched.r2.fastq, s1Demultiplex/first.Sample.r1.fastq, s1Demultiplex/first.Sample.r2.fastq
    jobid: 14


		fastq-multx -m 0 -x -b \
			-B s0RawData/barcode \
			s0RawData/demo_r1.fq.gz \
			s0RawData/demo_r2.fq.gz \
			-o s1Demultiplex/first.%.r1.fastq \
			-o s1Demultiplex/first.%.r2.fastq
		

[Thu Dec 19 14:38:17 2019]
rule Demultiplex_rev:
    input: s0RawData/barcode, s1Demultiplex/first.unmatched.r2.fastq, s1Demultiplex/first.unmatched.r1.fastq
    output: s1Demultiplex/second.1.r1.fastq, s1Demultiplex/second.2.r1.fastq, s1Demultiplex/second.3.r1.fastq, s1Demultiplex/second.4.r1.fastq, s1Demultiplex/second.5.r1.fastq, s1Demultiplex/second.6.r1.fastq, s1Demultiplex/second.1.r2.fastq, s1Demultiplex/second.2.r2.fastq, s1Demultiplex/second.3.r2.fastq, s1Demultiplex/second.4.r2.fastq, s1Demultiplex/second.5.r2.fastq, s1Demultiplex/second.6.r2.fastq, s1Demultiplex/second.unmatched.r1.fastq, s1Demultiplex/second.unmatched.r2.fastq, s1Demultiplex/second.Sample.r1.fastq, s1Demultiplex/second.Sample.r2.fastq
    jobid: 15

RuleException in line 50 of /home/xinyut/workflows/16s-pipeline/microbiome.smk:
'InputFiles' object has no attribute 'barcode'
