Building DAG of jobs...
Using shell: /bin/bash
Provided cluster nodes: 20
Job counts:
	count	jobs
	1	DADA2
	1	all
	2

[Fri Dec 20 17:32:54 2019]
rule DADA2:
    input: s3Combine
    output: s5DADA2/DADA2_seqtab_nochim.rda, s5DADA2/img/ploterrF.png, s5DADA2/img/ploterrR.png
    jobid: 1

Submitted job 1 with external jobid 'Submitted batch job 16399796'.
[Fri Dec 20 17:33:24 2019]
Error in rule DADA2:
    jobid: 1
    output: s5DADA2/DADA2_seqtab_nochim.rda, s5DADA2/img/ploterrF.png, s5DADA2/img/ploterrR.png
    cluster_jobid: Submitted batch job 16399796

Error executing rule DADA2 on cluster (jobid: 1, external: Submitted batch job 16399796, jobscript: /home/xinyut/workflows/16s-pipeline/.snakemake/tmp.u1bls4s_/snakejob.DADA2.1.sh). For error details see the cluster log and the log files of the involved rule(s).
Shutting down, this might take some time.
Exiting because a job execution failed. Look above for error message
Complete log: /home/xinyut/workflows/16s-pipeline/.snakemake/log/2019-12-20T173252.449970.snakemake.log
