Building DAG of jobs...
Job counts:
	count	jobs
	6	CutAdapt
	1	Demultiplex_rev
	1	all
	6	concatenate
	1	demultiplex_fwd
	1	fastQC
	16

[Thu Dec 19 14:56:34 2019]
rule demultiplex_fwd:
    input: s0RawData/barcode, s0RawData/demo_r1.fq.gz, s0RawData/demo_r2.fq.gz
    output: s1Demultiplex/first.1.r1.fastq, s1Demultiplex/first.2.r1.fastq, s1Demultiplex/first.3.r1.fastq, s1Demultiplex/first.4.r1.fastq, s1Demultiplex/first.5.r1.fastq, s1Demultiplex/first.6.r1.fastq, s1Demultiplex/first.1.r2.fastq, s1Demultiplex/first.2.r2.fastq, s1Demultiplex/first.3.r2.fastq, s1Demultiplex/first.4.r2.fastq, s1Demultiplex/first.5.r2.fastq, s1Demultiplex/first.6.r2.fastq, s1Demultiplex/first.unmatched.r1.fastq, s1Demultiplex/first.unmatched.r2.fastq, s1Demultiplex/first.Sample.r1.fastq, s1Demultiplex/first.Sample.r2.fastq
    jobid: 14


		fastq-multx -m 0 -x -b \
			-B s0RawData/barcode \
			s0RawData/demo_r1.fq.gz \
			s0RawData/demo_r2.fq.gz \
			-o s1Demultiplex/first.%.r1.fastq \
			-o s1Demultiplex/first.%.r2.fastq
		

[Thu Dec 19 14:56:34 2019]
rule Demultiplex_rev:
    input: s0RawData/barcode, s1Demultiplex/first.unmatched.r2.fastq, s1Demultiplex/first.unmatched.r1.fastq
    output: s1Demultiplex/second.1.r1.fastq, s1Demultiplex/second.2.r1.fastq, s1Demultiplex/second.3.r1.fastq, s1Demultiplex/second.4.r1.fastq, s1Demultiplex/second.5.r1.fastq, s1Demultiplex/second.6.r1.fastq, s1Demultiplex/second.1.r2.fastq, s1Demultiplex/second.2.r2.fastq, s1Demultiplex/second.3.r2.fastq, s1Demultiplex/second.4.r2.fastq, s1Demultiplex/second.5.r2.fastq, s1Demultiplex/second.6.r2.fastq, s1Demultiplex/second.unmatched.r1.fastq, s1Demultiplex/second.unmatched.r2.fastq, s1Demultiplex/second.Sample.r1.fastq, s1Demultiplex/second.Sample.r2.fastq
    jobid: 15


		fastq-multx -m 0 -x -b \
			-B s0RawData/barcode \
			s1Demultiplex/first.unmatched.r2.fastq \
			s1Demultiplex/first.unmatched.r1.fastq \
			-o s1Demultiplex/second.%.r2.fastq \
			-o s1Demultiplex/second.%.r1.fastq
		

[Thu Dec 19 14:56:34 2019]
rule CutAdapt:
    input: s0RawData/barcode, s1Demultiplex/first.2.r1.fastq, s1Demultiplex/first.2.r2.fastq, s1Demultiplex/second.2.r2.fastq, s1Demultiplex/second.2.r1.fastq
    output: s2CutAdapt/first.2.r1.fastq, s2CutAdapt/first.2.r2.fastq, s2CutAdapt/second.2.r2.fastq, s2CutAdapt/second.2.r1.fastq
    jobid: 9
    wildcards: sample=2

InputFunctionException in line 76 of /home/xinyut/workflows/16s-pipeline/microbiome.smk:
ValueError: '2' is not in list
Wildcards:
sample=2
