The flag 'directory' used in rule all is only valid for outputs, not inputs.
The flag 'directory' used in rule all is only valid for outputs, not inputs.
Building DAG of jobs...
Using shell: /bin/bash
Provided cores: 1 (use --cores to define parallelism)
Rules claiming more threads will be scaled down.
Job counts:
	count	jobs
	1	all
	1	fastqcScore
	2

[Mon Dec 23 22:33:33 2019]
rule fastqcScore:
    input: s4FastQC/r1_fastqc.zip, s4FastQC/r2_fastqc.zip
    output: s4FastQC/r1_fastqc, s4FastQC/r2_fastqc, cutLens.csv
    jobid: 1

[Mon Dec 23 22:33:35 2019]
Finished job 1.
1 of 2 steps (50%) done

[Mon Dec 23 22:33:35 2019]
localrule all:
    input: s4FastQC/r1_fastqc, s4FastQC/r2_fastqc, cutLens.csv
    jobid: 0

[Mon Dec 23 22:33:35 2019]
Finished job 0.
2 of 2 steps (100%) done
Complete log: /home/xinyut/workflows/16s-pipeline/.snakemake/log/2019-12-23T223332.851310.snakemake.log
