Building DAG of jobs...
Using shell: /bin/bash
Provided cores: 1 (use --cores to define parallelism)
Rules claiming more threads will be scaled down.
Job counts:
	count	jobs
	1	DADA2
	1	all
	2

[Thu Dec 19 21:49:59 2019]
rule DADA2:
    input: s3Combine
    output: s5DADA2/DADA2_raw.rda
    jobid: 1

[Thu Dec 19 21:50:08 2019]
Finished job 1.
1 of 2 steps (50%) done

[Thu Dec 19 21:50:08 2019]
localrule all:
    input: s5DADA2/DADA2_raw.rda
    jobid: 0

[Thu Dec 19 21:50:08 2019]
Finished job 0.
2 of 2 steps (100%) done
Complete log: /home/xinyut/workflows/16s-pipeline/.snakemake/log/2019-12-19T214957.905983.snakemake.log
