Building DAG of jobs...
Using shell: /bin/bash
Provided cluster nodes: 20
Job counts:
	count	jobs
	1	all
	1	dada2Cleaning
	2

[Fri Dec 20 21:10:25 2019]
rule dada2Cleaning:
    input: s5DADA2/DADA2_seqtab_nochim.rda, s5DADA2/DADA2_taxaid.rda
    output: s6TidyData/ASV_samplCcounts.csv, s6TidyData/ASV_taxanomy.csv
    jobid: 1

Submitted job 1 with external jobid 'Submitted batch job 16403401'.
Waiting at most 5 seconds for missing files.
MissingOutputException in line 165 of /home/xinyut/workflows/16s-pipeline/Snakefile:
Missing files after 5 seconds:
s6TidyData/ASV_samplCcounts.csv
s6TidyData/ASV_taxanomy.csv
This might be due to filesystem latency. If that is the case, consider to increase the wait time with --latency-wait.
Shutting down, this might take some time.
Exiting because a job execution failed. Look above for error message
Complete log: /home/xinyut/workflows/16s-pipeline/.snakemake/log/2019-12-20T211023.753680.snakemake.log
