Building DAG of jobs...
Using shell: /bin/bash
Provided cluster nodes: 20
Job counts:
	count	jobs
	1	DownloadRefDB
	1	all
	2

[Mon Dec 23 15:49:13 2019]
rule DownloadRefDB:
    input: urls
    output: ../../silva_test/SILVA_SSU_r132_March2018.RData
    jobid: 1

Submitted job 1 with external jobid 'Submitted batch job 16479698'.
[Mon Dec 23 15:49:23 2019]
Finished job 1.
1 of 2 steps (50%) done

[Mon Dec 23 15:49:23 2019]
localrule all:
    input: ../../silva_test/SILVA_SSU_r132_March2018.RData
    jobid: 0

[Mon Dec 23 15:49:23 2019]
Finished job 0.
2 of 2 steps (100%) done
Complete log: /home/xinyut/workflows/16s-pipeline/.snakemake/log/2019-12-23T154912.089475.snakemake.log
