Building DAG of jobs...
Using shell: /bin/bash
Provided cores: 1 (use --cores to define parallelism)
Rules claiming more threads will be scaled down.
Job counts:
	count	jobs
	1	Demultiplex_rev
	1	all
	1	demultiplex_fwd
	3

[Sun Dec 29 21:53:52 2019]
rule demultiplex_fwd:
    input: s0RawData/barcode, s0RawData/demo_r1.fq.gz, s0RawData/demo_r2.fq.gz
    output: s1Demultiplex/first.1.r1.fastq, s1Demultiplex/first.2.r1.fastq, s1Demultiplex/first.3.r1.fastq, s1Demultiplex/first.4.r1.fastq, s1Demultiplex/first.5.r1.fastq, s1Demultiplex/first.6.r1.fastq, s1Demultiplex/first.1.r2.fastq, s1Demultiplex/first.2.r2.fastq, s1Demultiplex/first.3.r2.fastq, s1Demultiplex/first.4.r2.fastq, s1Demultiplex/first.5.r2.fastq, s1Demultiplex/first.6.r2.fastq, s1Demultiplex/first.unmatched.r1.fastq, s1Demultiplex/first.unmatched.r2.fastq, s1Demultiplex/first.Sample.r1.fastq, s1Demultiplex/first.Sample.r2.fastq
    jobid: 2

[Sun Dec 29 21:53:53 2019]
Finished job 2.
1 of 3 steps (33%) done

[Sun Dec 29 21:53:53 2019]
rule Demultiplex_rev:
    input: s0RawData/barcode, s1Demultiplex/first.unmatched.r2.fastq, s1Demultiplex/first.unmatched.r1.fastq
    output: s1Demultiplex/second.1.r1.fastq, s1Demultiplex/second.2.r1.fastq, s1Demultiplex/second.3.r1.fastq, s1Demultiplex/second.4.r1.fastq, s1Demultiplex/second.5.r1.fastq, s1Demultiplex/second.6.r1.fastq, s1Demultiplex/second.1.r2.fastq, s1Demultiplex/second.2.r2.fastq, s1Demultiplex/second.3.r2.fastq, s1Demultiplex/second.4.r2.fastq, s1Demultiplex/second.5.r2.fastq, s1Demultiplex/second.6.r2.fastq, s1Demultiplex/second.unmatched.r1.fastq, s1Demultiplex/second.unmatched.r2.fastq, s1Demultiplex/second.Sample.r1.fastq, s1Demultiplex/second.Sample.r2.fastq
    jobid: 1

[Sun Dec 29 21:53:53 2019]
Finished job 1.
2 of 3 steps (67%) done

[Sun Dec 29 21:53:53 2019]
localrule all:
    input: s1Demultiplex/second.1.r1.fastq, s1Demultiplex/second.2.r1.fastq, s1Demultiplex/second.3.r1.fastq, s1Demultiplex/second.4.r1.fastq, s1Demultiplex/second.5.r1.fastq, s1Demultiplex/second.6.r1.fastq, s1Demultiplex/second.1.r2.fastq, s1Demultiplex/second.2.r2.fastq, s1Demultiplex/second.3.r2.fastq, s1Demultiplex/second.4.r2.fastq, s1Demultiplex/second.5.r2.fastq, s1Demultiplex/second.6.r2.fastq, s1Demultiplex/second.unmatched.r1.fastq, s1Demultiplex/second.unmatched.r2.fastq, s1Demultiplex/second.Sample.r1.fastq, s1Demultiplex/second.Sample.r2.fastq
    jobid: 0

[Sun Dec 29 21:53:53 2019]
Finished job 0.
3 of 3 steps (100%) done
Complete log: /home/xinyut/workflows/16s-pipeline/.snakemake/log/2019-12-29T215351.750426.snakemake.log
