Building DAG of jobs...
Using shell: /bin/bash
Provided cores: 1 (use --cores to define parallelism)
Rules claiming more threads will be scaled down.
Job counts:
	count	jobs
	1	all
	1	taxonomy
	2

[Fri Dec 20 20:56:02 2019]
rule taxonomy:
    input: s5DADA2/DADA2_seqtab_nochim.rda, ../../silva/SILVA_SSU_r132_March2018.RData
    output: s5DADA2/DADA2_taxaid.rda
    jobid: 1

[Fri Dec 20 20:56:02 2019]
Error in rule taxonomy:
    jobid: 1
    output: s5DADA2/DADA2_taxaid.rda

RuleException:
AttributeError in line 162 of /home/xinyut/workflows/16s-pipeline/Snakefile:
'NoneType' object has no attribute 'name'
  File "/home/xinyut/workflows/16s-pipeline/Snakefile", line 162, in __rule_taxonomy
  File "/home/xinyut/miniconda3/envs/16s-pipeline/lib/python3.7/concurrent/futures/thread.py", line 57, in run
Shutting down, this might take some time.
Exiting because a job execution failed. Look above for error message
Complete log: /home/xinyut/workflows/16s-pipeline/.snakemake/log/2019-12-20T205601.353086.snakemake.log
