Building DAG of jobs...
Using shell: /bin/bash
Provided cores: 1 (use --cores to define parallelism)
Rules claiming more threads will be scaled down.
Job counts:
	count	jobs
	1	all
	1	demultiplex_fwd
	2

[Sun Dec 29 21:00:19 2019]
rule demultiplex_fwd:
    input: s0RawData/barcode, s0RawData/demo_r1.fq.gz, s0RawData/demo_r2.fq.gz
    output: s1Demultiplex/first.1.r1.fastq, s1Demultiplex/first.2.r1.fastq, s1Demultiplex/first.3.r1.fastq, s1Demultiplex/first.4.r1.fastq, s1Demultiplex/first.5.r1.fastq, s1Demultiplex/first.6.r1.fastq, s1Demultiplex/first.1.r2.fastq, s1Demultiplex/first.2.r2.fastq, s1Demultiplex/first.3.r2.fastq, s1Demultiplex/first.4.r2.fastq, s1Demultiplex/first.5.r2.fastq, s1Demultiplex/first.6.r2.fastq, s1Demultiplex/first.unmatched.r1.fastq, s1Demultiplex/first.unmatched.r2.fastq, s1Demultiplex/first.Sample.r1.fastq, s1Demultiplex/first.Sample.r2.fastq
    jobid: 1

[Sun Dec 29 21:00:19 2019]
Finished job 1.
1 of 2 steps (50%) done

[Sun Dec 29 21:00:19 2019]
localrule all:
    input: s1Demultiplex/first.1.r1.fastq, s1Demultiplex/first.2.r1.fastq, s1Demultiplex/first.3.r1.fastq, s1Demultiplex/first.4.r1.fastq, s1Demultiplex/first.5.r1.fastq, s1Demultiplex/first.6.r1.fastq, s1Demultiplex/first.1.r2.fastq, s1Demultiplex/first.2.r2.fastq, s1Demultiplex/first.3.r2.fastq, s1Demultiplex/first.4.r2.fastq, s1Demultiplex/first.5.r2.fastq, s1Demultiplex/first.6.r2.fastq, s1Demultiplex/first.unmatched.r1.fastq, s1Demultiplex/first.unmatched.r2.fastq, s1Demultiplex/first.Sample.r1.fastq, s1Demultiplex/first.Sample.r2.fastq
    jobid: 0

[Sun Dec 29 21:00:19 2019]
Finished job 0.
2 of 2 steps (100%) done
Complete log: /home/xinyut/workflows/16s-pipeline/.snakemake/log/2019-12-29T210018.360821.snakemake.log
